Solving TSP 'kroD100' using SCX:
Options: 
- 2-opt: enabled
- Selection: Deterministic 3-Tournament
- Mutation: Swap Cities (0.015)
- Replacement: 1-Elitism

- population size: 	120

Optimal Cost:		21294.290821490355
Best Cost:			21409.926705791277 (+0,54%)
Worst Cost:			22325.562575591208 (+4,84%)
Average Cost:		21762.923307379195 (+2,20%)

Avg #generations:	115
Avg Time:			12093ms
--------------------------------------------------

Solving TSP 'kroD100' using SCX:
Options: 
- 2-opt: enabled
- Selection: Deterministic 3-Tournament
- Mutation: Edge Inversion (0.1)
- Replacement: 1-Elitism

- population size: 	120

Optimal Cost:		21294.290821490355
Best Cost:			21309.582775259467 (+0,07%)
Worst Cost:			21627.852511282766 (+1,57%)
Average Cost:		21448.02855887208 (+0,72%)

Avg #generations:	61
Avg Time:			6725ms
--------------------------------------------------

Solving TSP 'kroD100' using SCX:
Options: 
- 2-opt: enabled
- Selection: Deterministic 3-Tournament
- Mutation: Edge Inversion (0.5)
- Replacement: 1-Elitism

- population size: 	120

Optimal Cost:		21294.290821490355
Best Cost:			21309.582775259467 (+0,07%)
Worst Cost:			21522.19451432079 (+1,07%)
Average Cost:		21416.589926601417 (+0,57%)

Avg #generations:	118
Avg Time:			13024ms
--------------------------------------------------

